[INFO] Scanning for projects...
[INFO] ------------------------------------------------------------------------
[INFO] Detecting the operating system and CPU architecture
[INFO] ------------------------------------------------------------------------
[INFO] os.detected.name: osx
[INFO] os.detected.arch: aarch_64
[INFO] os.detected.bitness: 64
[INFO] os.detected.version: 15.4
[INFO] os.detected.version.major: 15
[INFO] os.detected.version.minor: 4
[INFO] os.detected.classifier: osx-aarch_64
[INFO] 
[INFO] ----------------------< com.retail:smart-retail >-----------------------
[INFO] Building smart-retail 1.0-SNAPSHOT
[INFO]   from pom.xml
[INFO] --------------------------------[ jar ]---------------------------------
[WARNING] 1 problem was encountered while building the effective model for org.javassist:javassist:jar:3.20.0-GA during dependency collection step for project (use -X to see details)
[INFO] 
[INFO] --- exec:3.5.0:java (default-cli) @ smart-retail ---

  .   ____          _            __ _ _
 /\\ / ___'_ __ _ _(_)_ __  __ _ \ \ \ \
( ( )\___ | '_ | '_| | '_ \/ _` | \ \ \ \
 \\/  ___)| |_)| | | | | || (_| |  ) ) ) )
  '  |____| .__|_| |_|_| |_\__, | / / / /
 =========|_|==============|___/=/_/_/_/
 :: Spring Boot ::               (v2.7.18)

2025-04-15 16:26:17.805  INFO 16349 --- [lication.main()] c.retail.gui.SmartRetailGuiApplication   : Starting SmartRetailGuiApplication using Java 23.0.2 on KRISMACBOOK-AIR.station with PID 16349 (/Users/kriszhou/Public/git/Distributed-System/Smart_retail/target/classes started by kriszhou in /Users/kriszhou/Public/git/Distributed-System/Smart_retail)
2025-04-15 16:26:17.806  INFO 16349 --- [lication.main()] c.retail.gui.SmartRetailGuiApplication   : No active profile set, falling back to 1 default profile: "default"
2025-04-15 16:26:18.226  INFO 16349 --- [lication.main()] o.s.b.w.embedded.tomcat.TomcatWebServer  : Tomcat initialized with port(s): 8080 (http)
2025-04-15 16:26:18.231  INFO 16349 --- [lication.main()] o.apache.catalina.core.StandardService   : Starting service [Tomcat]
2025-04-15 16:26:18.231  INFO 16349 --- [lication.main()] org.apache.catalina.core.StandardEngine  : Starting Servlet engine: [Apache Tomcat/9.0.83]
2025-04-15 16:26:18.271  INFO 16349 --- [lication.main()] o.a.c.c.C.[Tomcat].[localhost].[/]       : Initializing Spring embedded WebApplicationContext
2025-04-15 16:26:18.271  INFO 16349 --- [lication.main()] w.s.c.ServletWebServerApplicationContext : Root WebApplicationContext: initialization completed in 444 ms
2025-04-15 16:26:18.366  INFO 16349 --- [lication.main()] o.s.b.a.w.s.WelcomePageHandlerMapping    : Adding welcome page template: index
2025-04-15 16:26:18.447  INFO 16349 --- [lication.main()] o.s.b.w.embedded.tomcat.TomcatWebServer  : Tomcat started on port(s): 8080 (http) with context path ''
2025-04-15 16:26:18.452  INFO 16349 --- [lication.main()] c.retail.gui.SmartRetailGuiApplication   : Started SmartRetailGuiApplication in 5.91 seconds (JVM running for 9.207)
